2019-08-08 11:51:56 INFO  UserController:19 - INFO
2019-08-08 11:51:56 ERROR UserController:21 - ERROR
2019-08-08 11:51:56 WARN  UserController:22 - WARNING
2019-08-08 11:56:04 INFO  UserController:19 - MREOW
2019-08-08 11:56:04 ERROR UserController:21 - ERROR
2019-08-08 11:56:04 WARN  UserController:22 - WARNING
2019-08-08 11:57:22 INFO  HttpServer:19 - MREOW
2019-08-08 11:57:22 ERROR HttpServer:21 - ERROR
2019-08-08 11:57:22 WARN  HttpServer:22 - WARNING
2019-08-08 12:01:01 INFO  UserController:18 - MREOW
2019-08-08 12:01:01 ERROR UserController:20 - ERROR
2019-08-08 12:01:01 WARN  UserController:21 - WARNING
2019-08-12 16:12:35 INFO  UserController:34 - MREOW
2019-08-12 16:12:35 ERROR UserController:36 - ERROR
2019-08-12 16:12:35 WARN  UserController:37 - WARNING
2019-08-12 16:13:46 INFO  UserController:34 - MREOW
2019-08-12 16:13:46 ERROR UserController:36 - ERROR
2019-08-12 16:13:46 WARN  UserController:37 - WARNING
2019-08-12 16:14:07 INFO  UserController:34 - MREOW
2019-08-12 16:14:07 ERROR UserController:36 - ERROR
2019-08-12 16:14:07 WARN  UserController:37 - WARNING
2019-08-12 16:14:19 INFO  UserController:34 - MREOW
2019-08-12 16:14:19 ERROR UserController:36 - ERROR
2019-08-12 16:14:19 WARN  UserController:37 - WARNING
